;  LST file generated by mikroListExporter - v.2.0 
; Date/Time: 12/30/2021 10:25:18 PM
;----------------------------------------------

;Address Opcode 	ASM
0x0000	0x2A58      	GOTO       600
_Delay_1us:
;__Lib_Delays.c,7 :: 		void Delay_1us() {
;__Lib_Delays.c,8 :: 		Delay_us(1);
0x0003	0x0000      	NOP
0x0004	0x0000      	NOP
;__Lib_Delays.c,9 :: 		}
L_end_Delay_1us:
0x0005	0x0008      	RETURN
; end of _Delay_1us
_Delay_50us:
;__Lib_Delays.c,19 :: 		void Delay_50us() {
;__Lib_Delays.c,20 :: 		Delay_us(50);
0x0006	0x3021      	MOVLW      33
0x0007	0x1283      	BCF        STATUS, 5
0x0008	0x1303      	BCF        STATUS, 6
0x0009	0x00FD      	MOVWF      R13
L_Delay_50us2:
0x000A	0x0BFD      	DECFSZ     R13, 1
0x000B	0x280A      	GOTO       L_Delay_50us2
;__Lib_Delays.c,21 :: 		}
L_end_Delay_50us:
0x000C	0x0008      	RETURN
; end of _Delay_50us
_Delay_5500us:
;__Lib_Delays.c,31 :: 		void Delay_5500us() {
;__Lib_Delays.c,32 :: 		Delay_us(5500);
0x000D	0x300F      	MOVLW      15
0x000E	0x1283      	BCF        STATUS, 5
0x000F	0x1303      	BCF        STATUS, 6
0x0010	0x00FC      	MOVWF      R12
0x0011	0x3047      	MOVLW      71
0x0012	0x00FD      	MOVWF      R13
L_Delay_5500us5:
0x0013	0x0BFD      	DECFSZ     R13, 1
0x0014	0x2813      	GOTO       L_Delay_5500us5
0x0015	0x0BFC      	DECFSZ     R12, 1
0x0016	0x2813      	GOTO       L_Delay_5500us5
0x0017	0x0000      	NOP
0x0018	0x0000      	NOP
;__Lib_Delays.c,33 :: 		}
L_end_Delay_5500us:
0x0019	0x0008      	RETURN
; end of _Delay_5500us
_Lcd_Cmd:
;__Lib_Lcd.c,18 :: 		
;__Lib_Lcd.c,20 :: 		
0x001A	0x1283      	BCF        STATUS, 5
0x001B	0x1303      	BCF        STATUS, 6
0x001C	0x1BD3      	BTFSC      FARG_Lcd_Cmd_out_char, 7
0x001D	0x2820      	GOTO       L__Lcd_Cmd21
0x001E	0x1388      	BCF        LCD_D7, BitPos(LCD_D7+0)
0x001F	0x2821      	GOTO       L__Lcd_Cmd22
L__Lcd_Cmd21:
0x0020	0x1788      	BSF        LCD_D7, BitPos(LCD_D7+0)
L__Lcd_Cmd22:
;__Lib_Lcd.c,21 :: 		
0x0021	0x1B53      	BTFSC      FARG_Lcd_Cmd_out_char, 6
0x0022	0x2825      	GOTO       L__Lcd_Cmd23
0x0023	0x1308      	BCF        LCD_D6, BitPos(LCD_D6+0)
0x0024	0x2826      	GOTO       L__Lcd_Cmd24
L__Lcd_Cmd23:
0x0025	0x1708      	BSF        LCD_D6, BitPos(LCD_D6+0)
L__Lcd_Cmd24:
;__Lib_Lcd.c,22 :: 		
0x0026	0x1AD3      	BTFSC      FARG_Lcd_Cmd_out_char, 5
0x0027	0x282A      	GOTO       L__Lcd_Cmd25
0x0028	0x1288      	BCF        LCD_D5, BitPos(LCD_D5+0)
0x0029	0x282B      	GOTO       L__Lcd_Cmd26
L__Lcd_Cmd25:
0x002A	0x1688      	BSF        LCD_D5, BitPos(LCD_D5+0)
L__Lcd_Cmd26:
;__Lib_Lcd.c,23 :: 		
0x002B	0x1A53      	BTFSC      FARG_Lcd_Cmd_out_char, 4
0x002C	0x282F      	GOTO       L__Lcd_Cmd27
0x002D	0x1208      	BCF        LCD_D4, BitPos(LCD_D4+0)
0x002E	0x2830      	GOTO       L__Lcd_Cmd28
L__Lcd_Cmd27:
0x002F	0x1608      	BSF        LCD_D4, BitPos(LCD_D4+0)
L__Lcd_Cmd28:
;__Lib_Lcd.c,25 :: 		
0x0030	0x183F      	BTFSC      __Lib_Lcd_cmd_status, BitPos(__Lib_Lcd_cmd_status+0)
0x0031	0x2834      	GOTO       L__Lcd_Cmd29
0x0032	0x1508      	BSF        LCD_RS, BitPos(LCD_RS+0)
0x0033	0x2835      	GOTO       L__Lcd_Cmd30
L__Lcd_Cmd29:
0x0034	0x1108      	BCF        LCD_RS, BitPos(LCD_RS+0)
L__Lcd_Cmd30:
;__Lib_Lcd.c,28 :: 		
0x0035	0x1588      	BSF        LCD_EN, BitPos(LCD_EN+0)
;__Lib_Lcd.c,29 :: 		
0x0036	0x2003      	CALL       _Delay_1us
;__Lib_Lcd.c,30 :: 		
0x0037	0x1188      	BCF        LCD_EN, BitPos(LCD_EN+0)
;__Lib_Lcd.c,33 :: 		
0x0038	0x19D3      	BTFSC      FARG_Lcd_Cmd_out_char, 3
0x0039	0x283C      	GOTO       L__Lcd_Cmd31
0x003A	0x1388      	BCF        LCD_D7, BitPos(LCD_D7+0)
0x003B	0x283D      	GOTO       L__Lcd_Cmd32
L__Lcd_Cmd31:
0x003C	0x1788      	BSF        LCD_D7, BitPos(LCD_D7+0)
L__Lcd_Cmd32:
;__Lib_Lcd.c,34 :: 		
0x003D	0x1953      	BTFSC      FARG_Lcd_Cmd_out_char, 2
0x003E	0x2841      	GOTO       L__Lcd_Cmd33
0x003F	0x1308      	BCF        LCD_D6, BitPos(LCD_D6+0)
0x0040	0x2842      	GOTO       L__Lcd_Cmd34
L__Lcd_Cmd33:
0x0041	0x1708      	BSF        LCD_D6, BitPos(LCD_D6+0)
L__Lcd_Cmd34:
;__Lib_Lcd.c,35 :: 		
0x0042	0x18D3      	BTFSC      FARG_Lcd_Cmd_out_char, 1
0x0043	0x2846      	GOTO       L__Lcd_Cmd35
0x0044	0x1288      	BCF        LCD_D5, BitPos(LCD_D5+0)
0x0045	0x2847      	GOTO       L__Lcd_Cmd36
L__Lcd_Cmd35:
0x0046	0x1688      	BSF        LCD_D5, BitPos(LCD_D5+0)
L__Lcd_Cmd36:
;__Lib_Lcd.c,36 :: 		
0x0047	0x1853      	BTFSC      FARG_Lcd_Cmd_out_char, 0
0x0048	0x284B      	GOTO       L__Lcd_Cmd37
0x0049	0x1208      	BCF        LCD_D4, BitPos(LCD_D4+0)
0x004A	0x284C      	GOTO       L__Lcd_Cmd38
L__Lcd_Cmd37:
0x004B	0x1608      	BSF        LCD_D4, BitPos(LCD_D4+0)
L__Lcd_Cmd38:
;__Lib_Lcd.c,38 :: 		
0x004C	0x183F      	BTFSC      __Lib_Lcd_cmd_status, BitPos(__Lib_Lcd_cmd_status+0)
0x004D	0x2850      	GOTO       L__Lcd_Cmd39
0x004E	0x1508      	BSF        LCD_RS, BitPos(LCD_RS+0)
0x004F	0x2851      	GOTO       L__Lcd_Cmd40
L__Lcd_Cmd39:
0x0050	0x1108      	BCF        LCD_RS, BitPos(LCD_RS+0)
L__Lcd_Cmd40:
;__Lib_Lcd.c,40 :: 		
0x0051	0x1588      	BSF        LCD_EN, BitPos(LCD_EN+0)
;__Lib_Lcd.c,41 :: 		
0x0052	0x2003      	CALL       _Delay_1us
;__Lib_Lcd.c,42 :: 		
0x0053	0x1188      	BCF        LCD_EN, BitPos(LCD_EN+0)
;__Lib_Lcd.c,44 :: 		
0x0054	0x1C3F      	BTFSS      __Lib_Lcd_cmd_status, BitPos(__Lib_Lcd_cmd_status+0)
0x0055	0x2858      	GOTO       L_Lcd_Cmd0
;__Lib_Lcd.c,45 :: 		
0x0056	0x200D      	CALL       _Delay_5500us
0x0057	0x2859      	GOTO       L_Lcd_Cmd1
L_Lcd_Cmd0:
;__Lib_Lcd.c,47 :: 		
0x0058	0x2006      	CALL       _Delay_50us
L_Lcd_Cmd1:
;__Lib_Lcd.c,48 :: 		
L_end_Lcd_Cmd:
0x0059	0x0008      	RETURN
; end of _Lcd_Cmd
_Keypad_Key_Press:
;__Lib_Keypad4x4.c,38 :: 		
;__Lib_Keypad4x4.c,42 :: 		
0x005A	0x1283      	BCF        STATUS, 5
0x005B	0x1303      	BCF        STATUS, 6
0x005C	0x01CE      	CLRF       Keypad_Key_Press_rslt_L0
;__Lib_Keypad4x4.c,43 :: 		
0x005D	0x01D0      	CLRF       Keypad_Key_Press_loc_L0
;__Lib_Keypad4x4.c,44 :: 		
0x005E	0x01D1      	CLRF       Keypad_Key_Press_rowcnt_L0
;__Lib_Keypad4x4.c,45 :: 		
0x005F	0x3010      	MOVLW      16
0x0060	0x00D2      	MOVWF      Keypad_Key_Press_shifter_L0
;__Lib_Keypad4x4.c,47 :: 		
L_Keypad_Key_Press0:
0x0061	0x3004      	MOVLW      4
0x0062	0x0251      	SUBWF      Keypad_Key_Press_rowcnt_L0, 0
0x0063	0x1803      	BTFSC      STATUS, 0
0x0064	0x2886      	GOTO       L_Keypad_Key_Press1
;__Lib_Keypad4x4.c,49 :: 		
0x0065	0x30F0      	MOVLW      240
0x0066	0x0087      	MOVWF      keypadPort
;__Lib_Keypad4x4.c,50 :: 		
0x0067	0x0952      	COMF       Keypad_Key_Press_shifter_L0, 0
0x0068	0x1683      	BSF        STATUS, 5
0x0069	0x0087      	MOVWF      keypadPort+128
;__Lib_Keypad4x4.c,54 :: 		
0x006A	0x2003      	CALL       _Delay_1us
;__Lib_Keypad4x4.c,55 :: 		
0x006B	0x2003      	CALL       _Delay_1us
;__Lib_Keypad4x4.c,56 :: 		
0x006C	0x300F      	MOVLW      15
0x006D	0x1283      	BCF        STATUS, 5
0x006E	0x0507      	ANDWF      keypadPort, 0
0x006F	0x00F0      	MOVWF      R0
0x0070	0x0870      	MOVF       R0, 0
0x0071	0x00CF      	MOVWF      Keypad_Key_Press_kdata_L0
;__Lib_Keypad4x4.c,57 :: 		
0x0072	0x0870      	MOVF       R0, 0
0x0073	0x1903      	BTFSC      STATUS, 2
0x0074	0x2880      	GOTO       L_Keypad_Key_Press2
;__Lib_Keypad4x4.c,59 :: 		
0x0075	0x0850      	MOVF       Keypad_Key_Press_loc_L0, 0
0x0076	0x00CE      	MOVWF      Keypad_Key_Press_rslt_L0
;__Lib_Keypad4x4.c,60 :: 		
L_Keypad_Key_Press3:
0x0077	0x084F      	MOVF       Keypad_Key_Press_kdata_L0, 0
0x0078	0x1903      	BTFSC      STATUS, 2
0x0079	0x287E      	GOTO       L_Keypad_Key_Press4
;__Lib_Keypad4x4.c,61 :: 		
0x007A	0x0CCF      	RRF        Keypad_Key_Press_kdata_L0, 1
0x007B	0x13CF      	BCF        Keypad_Key_Press_kdata_L0, 7
;__Lib_Keypad4x4.c,62 :: 		
0x007C	0x0ACE      	INCF       Keypad_Key_Press_rslt_L0, 1
;__Lib_Keypad4x4.c,63 :: 		
0x007D	0x2877      	GOTO       L_Keypad_Key_Press3
L_Keypad_Key_Press4:
;__Lib_Keypad4x4.c,65 :: 		
0x007E	0x3004      	MOVLW      4
0x007F	0x00D1      	MOVWF      Keypad_Key_Press_rowcnt_L0
;__Lib_Keypad4x4.c,66 :: 		
L_Keypad_Key_Press2:
;__Lib_Keypad4x4.c,67 :: 		
0x0080	0x0DD2      	RLF        Keypad_Key_Press_shifter_L0, 1
0x0081	0x1052      	BCF        Keypad_Key_Press_shifter_L0, 0
;__Lib_Keypad4x4.c,68 :: 		
0x0082	0x3004      	MOVLW      4
0x0083	0x07D0      	ADDWF      Keypad_Key_Press_loc_L0, 1
;__Lib_Keypad4x4.c,69 :: 		
0x0084	0x0AD1      	INCF       Keypad_Key_Press_rowcnt_L0, 1
;__Lib_Keypad4x4.c,70 :: 		
0x0085	0x2861      	GOTO       L_Keypad_Key_Press0
L_Keypad_Key_Press1:
;__Lib_Keypad4x4.c,72 :: 		
0x0086	0x084E      	MOVF       Keypad_Key_Press_rslt_L0, 0
0x0087	0x00F0      	MOVWF      R0
;__Lib_Keypad4x4.c,73 :: 		
L_end_Keypad_Key_Press:
0x0088	0x0008      	RETURN
; end of _Keypad_Key_Press
_Lcd_Chr_CP:
;__Lib_Lcd.c,50 :: 		
;__Lib_Lcd.c,52 :: 		
0x0089	0x1283      	BCF        STATUS, 5
0x008A	0x1303      	BCF        STATUS, 6
0x008B	0x103F      	BCF        __Lib_Lcd_cmd_status, BitPos(__Lib_Lcd_cmd_status+0)
;__Lib_Lcd.c,53 :: 		
0x008C	0x084E      	MOVF       FARG_Lcd_Chr_CP_out_char, 0
0x008D	0x00D3      	MOVWF      FARG_Lcd_Cmd_out_char
0x008E	0x201A      	CALL       _Lcd_Cmd
;__Lib_Lcd.c,54 :: 		
0x008F	0x143F      	BSF        __Lib_Lcd_cmd_status, BitPos(__Lib_Lcd_cmd_status+0)
;__Lib_Lcd.c,55 :: 		
L_end_Lcd_Chr_CP:
0x0090	0x0008      	RETURN
; end of _Lcd_Chr_CP
_Delay_10us:
;__Lib_Delays.c,11 :: 		void Delay_10us() {
;__Lib_Delays.c,12 :: 		Delay_us(10);
0x0091	0x3006      	MOVLW      6
0x0092	0x1283      	BCF        STATUS, 5
0x0093	0x1303      	BCF        STATUS, 6
0x0094	0x00FD      	MOVWF      R13
L_Delay_10us0:
0x0095	0x0BFD      	DECFSZ     R13, 1
0x0096	0x2895      	GOTO       L_Delay_10us0
0x0097	0x0000      	NOP
;__Lib_Delays.c,13 :: 		}
L_end_Delay_10us:
0x0098	0x0008      	RETURN
; end of _Delay_10us
_____DoICP:
;__Lib_System.c,6 :: 		
;__Lib_System.c,9 :: 		
0x0099	0x1283      	BCF        STATUS, 5
0x009A	0x1303      	BCF        STATUS, 6
0x009B	0x0841      	MOVF       ___DoICPAddr+1, 0
0x009C	0x008A      	MOVWF      PCLATH
;__Lib_System.c,10 :: 		
0x009D	0x0840      	MOVF       ___DoICPAddr, 0
0x009E	0x0082      	MOVWF      PCL
;__Lib_System.c,12 :: 		
L_end_____DoICP:
0x009F	0x0008      	RETURN
; end of _____DoICP
_Keypad_Key_Click:
;__Lib_Keypad4x4.c,76 :: 		
;__Lib_Keypad4x4.c,80 :: 		
0x00A0	0x205A      	CALL       _Keypad_Key_Press
0x00A1	0x0870      	MOVF       R0, 0
0x00A2	0x00CA      	MOVWF      Keypad_Key_Click_rslt_L0
;__Lib_Keypad4x4.c,82 :: 		
L_Keypad_Key_Click5:
0x00A3	0x300F      	MOVLW      15
0x00A4	0x0507      	ANDWF      keypadPort, 0
0x00A5	0x00F0      	MOVWF      R0
0x00A6	0x1903      	BTFSC      STATUS, 2
0x00A7	0x28AA      	GOTO       L_Keypad_Key_Click6
;__Lib_Keypad4x4.c,83 :: 		
0x00A8	0x2091      	CALL       _Delay_10us
0x00A9	0x28A3      	GOTO       L_Keypad_Key_Click5
L_Keypad_Key_Click6:
;__Lib_Keypad4x4.c,85 :: 		
0x00AA	0x084A      	MOVF       Keypad_Key_Click_rslt_L0, 0
0x00AB	0x00F0      	MOVWF      R0
;__Lib_Keypad4x4.c,86 :: 		
L_end_Keypad_Key_Click:
0x00AC	0x0008      	RETURN
; end of _Keypad_Key_Click
_Lcd_Out:
;__Lib_Lcd.c,184 :: 		
;__Lib_Lcd.c,187 :: 		
0x00AD	0x28BF      	GOTO       L_Lcd_Out11
;__Lib_Lcd.c,188 :: 		
L_Lcd_Out13:
0x00AE	0x3080      	MOVLW      128
0x00AF	0x1283      	BCF        STATUS, 5
0x00B0	0x1303      	BCF        STATUS, 6
0x00B1	0x00CA      	MOVWF      FARG_Lcd_Out_row
0x00B2	0x28D2      	GOTO       L_Lcd_Out12
;__Lib_Lcd.c,189 :: 		
L_Lcd_Out14:
0x00B3	0x30C0      	MOVLW      192
0x00B4	0x00CA      	MOVWF      FARG_Lcd_Out_row
0x00B5	0x28D2      	GOTO       L_Lcd_Out12
;__Lib_Lcd.c,190 :: 		
L_Lcd_Out15:
0x00B6	0x3094      	MOVLW      148
0x00B7	0x00CA      	MOVWF      FARG_Lcd_Out_row
0x00B8	0x28D2      	GOTO       L_Lcd_Out12
;__Lib_Lcd.c,191 :: 		
L_Lcd_Out16:
0x00B9	0x30D4      	MOVLW      212
0x00BA	0x00CA      	MOVWF      FARG_Lcd_Out_row
0x00BB	0x28D2      	GOTO       L_Lcd_Out12
;__Lib_Lcd.c,192 :: 		
L_Lcd_Out17:
0x00BC	0x3080      	MOVLW      128
0x00BD	0x00CA      	MOVWF      FARG_Lcd_Out_row
;__Lib_Lcd.c,193 :: 		
0x00BE	0x28D2      	GOTO       L_Lcd_Out12
L_Lcd_Out11:
0x00BF	0x1283      	BCF        STATUS, 5
0x00C0	0x1303      	BCF        STATUS, 6
0x00C1	0x084A      	MOVF       FARG_Lcd_Out_row, 0
0x00C2	0x3A01      	XORLW      1
0x00C3	0x1903      	BTFSC      STATUS, 2
0x00C4	0x28AE      	GOTO       L_Lcd_Out13
0x00C5	0x084A      	MOVF       FARG_Lcd_Out_row, 0
0x00C6	0x3A02      	XORLW      2
0x00C7	0x1903      	BTFSC      STATUS, 2
0x00C8	0x28B3      	GOTO       L_Lcd_Out14
0x00C9	0x084A      	MOVF       FARG_Lcd_Out_row, 0
0x00CA	0x3A03      	XORLW      3
0x00CB	0x1903      	BTFSC      STATUS, 2
0x00CC	0x28B6      	GOTO       L_Lcd_Out15
0x00CD	0x084A      	MOVF       FARG_Lcd_Out_row, 0
0x00CE	0x3A04      	XORLW      4
0x00CF	0x1903      	BTFSC      STATUS, 2
0x00D0	0x28B9      	GOTO       L_Lcd_Out16
0x00D1	0x28BC      	GOTO       L_Lcd_Out17
L_Lcd_Out12:
;__Lib_Lcd.c,194 :: 		
0x00D2	0x034B      	DECF       FARG_Lcd_Out_column, 0
0x00D3	0x00F0      	MOVWF      R0
0x00D4	0x084A      	MOVF       FARG_Lcd_Out_row, 0
0x00D5	0x07F0      	ADDWF      R0, 1
0x00D6	0x0870      	MOVF       R0, 0
0x00D7	0x00CA      	MOVWF      FARG_Lcd_Out_row
;__Lib_Lcd.c,196 :: 		
0x00D8	0x0870      	MOVF       R0, 0
0x00D9	0x00D3      	MOVWF      FARG_Lcd_Cmd_out_char
0x00DA	0x201A      	CALL       _Lcd_Cmd
;__Lib_Lcd.c,197 :: 		
0x00DB	0x103F      	BCF        __Lib_Lcd_cmd_status, BitPos(__Lib_Lcd_cmd_status+0)
;__Lib_Lcd.c,198 :: 		
0x00DC	0x01CD      	CLRF       Lcd_Out_i_L0
;__Lib_Lcd.c,199 :: 		
L_Lcd_Out18:
0x00DD	0x084D      	MOVF       Lcd_Out_i_L0, 0
0x00DE	0x074C      	ADDWF      FARG_Lcd_Out_text, 0
0x00DF	0x0084      	MOVWF      FSR
0x00E0	0x0800      	MOVF       INDF, 0
0x00E1	0x1903      	BTFSC      STATUS, 2
0x00E2	0x28EB      	GOTO       L_Lcd_Out19
;__Lib_Lcd.c,200 :: 		
0x00E3	0x084D      	MOVF       Lcd_Out_i_L0, 0
0x00E4	0x074C      	ADDWF      FARG_Lcd_Out_text, 0
0x00E5	0x0084      	MOVWF      FSR
0x00E6	0x0800      	MOVF       INDF, 0
0x00E7	0x00CE      	MOVWF      FARG_Lcd_Chr_CP_out_char
0x00E8	0x2089      	CALL       _Lcd_Chr_CP
0x00E9	0x0ACD      	INCF       Lcd_Out_i_L0, 1
0x00EA	0x28DD      	GOTO       L_Lcd_Out18
L_Lcd_Out19:
;__Lib_Lcd.c,201 :: 		
0x00EB	0x143F      	BSF        __Lib_Lcd_cmd_status, BitPos(__Lib_Lcd_cmd_status+0)
;__Lib_Lcd.c,202 :: 		
L_end_Lcd_Out:
0x00EC	0x0008      	RETURN
; end of _Lcd_Out
_Lcd_Chr:
;__Lib_Lcd.c,65 :: 		
;__Lib_Lcd.c,66 :: 		
0x00ED	0x28FF      	GOTO       L_Lcd_Chr4
;__Lib_Lcd.c,67 :: 		
L_Lcd_Chr6:
0x00EE	0x3080      	MOVLW      128
0x00EF	0x1283      	BCF        STATUS, 5
0x00F0	0x1303      	BCF        STATUS, 6
0x00F1	0x00CA      	MOVWF      FARG_Lcd_Chr_row
0x00F2	0x2912      	GOTO       L_Lcd_Chr5
;__Lib_Lcd.c,68 :: 		
L_Lcd_Chr7:
0x00F3	0x30C0      	MOVLW      192
0x00F4	0x00CA      	MOVWF      FARG_Lcd_Chr_row
0x00F5	0x2912      	GOTO       L_Lcd_Chr5
;__Lib_Lcd.c,69 :: 		
L_Lcd_Chr8:
0x00F6	0x3094      	MOVLW      148
0x00F7	0x00CA      	MOVWF      FARG_Lcd_Chr_row
0x00F8	0x2912      	GOTO       L_Lcd_Chr5
;__Lib_Lcd.c,70 :: 		
L_Lcd_Chr9:
0x00F9	0x30D4      	MOVLW      212
0x00FA	0x00CA      	MOVWF      FARG_Lcd_Chr_row
0x00FB	0x2912      	GOTO       L_Lcd_Chr5
;__Lib_Lcd.c,71 :: 		
L_Lcd_Chr10:
0x00FC	0x3080      	MOVLW      128
0x00FD	0x00CA      	MOVWF      FARG_Lcd_Chr_row
;__Lib_Lcd.c,72 :: 		
0x00FE	0x2912      	GOTO       L_Lcd_Chr5
L_Lcd_Chr4:
0x00FF	0x1283      	BCF        STATUS, 5
0x0100	0x1303      	BCF        STATUS, 6
0x0101	0x084A      	MOVF       FARG_Lcd_Chr_row, 0
0x0102	0x3A01      	XORLW      1
0x0103	0x1903      	BTFSC      STATUS, 2
0x0104	0x28EE      	GOTO       L_Lcd_Chr6
0x0105	0x084A      	MOVF       FARG_Lcd_Chr_row, 0
0x0106	0x3A02      	XORLW      2
0x0107	0x1903      	BTFSC      STATUS, 2
0x0108	0x28F3      	GOTO       L_Lcd_Chr7
0x0109	0x084A      	MOVF       FARG_Lcd_Chr_row, 0
0x010A	0x3A03      	XORLW      3
0x010B	0x1903      	BTFSC      STATUS, 2
0x010C	0x28F6      	GOTO       L_Lcd_Chr8
0x010D	0x084A      	MOVF       FARG_Lcd_Chr_row, 0
0x010E	0x3A04      	XORLW      4
0x010F	0x1903      	BTFSC      STATUS, 2
0x0110	0x28F9      	GOTO       L_Lcd_Chr9
0x0111	0x28FC      	GOTO       L_Lcd_Chr10
L_Lcd_Chr5:
;__Lib_Lcd.c,74 :: 		
0x0112	0x034B      	DECF       FARG_Lcd_Chr_column, 0
0x0113	0x00F0      	MOVWF      R0
0x0114	0x084A      	MOVF       FARG_Lcd_Chr_row, 0
0x0115	0x07F0      	ADDWF      R0, 1
0x0116	0x0870      	MOVF       R0, 0
0x0117	0x00CA      	MOVWF      FARG_Lcd_Chr_row
;__Lib_Lcd.c,76 :: 		
0x0118	0x143F      	BSF        __Lib_Lcd_cmd_status, BitPos(__Lib_Lcd_cmd_status+0)
;__Lib_Lcd.c,77 :: 		
0x0119	0x0870      	MOVF       R0, 0
0x011A	0x00D3      	MOVWF      FARG_Lcd_Cmd_out_char
0x011B	0x201A      	CALL       _Lcd_Cmd
;__Lib_Lcd.c,79 :: 		
0x011C	0x103F      	BCF        __Lib_Lcd_cmd_status, BitPos(__Lib_Lcd_cmd_status+0)
;__Lib_Lcd.c,80 :: 		
0x011D	0x084C      	MOVF       FARG_Lcd_Chr_out_char, 0
0x011E	0x00D3      	MOVWF      FARG_Lcd_Cmd_out_char
0x011F	0x201A      	CALL       _Lcd_Cmd
;__Lib_Lcd.c,81 :: 		
0x0120	0x143F      	BSF        __Lib_Lcd_cmd_status, BitPos(__Lib_Lcd_cmd_status+0)
;__Lib_Lcd.c,82 :: 		
L_end_Lcd_Chr:
0x0121	0x0008      	RETURN
; end of _Lcd_Chr
_strcmp:
;__Lib_CString.c,115 :: 		
;__Lib_CString.c,117 :: 		
L_strcmp30:
0x0122	0x1283      	BCF        STATUS, 5
0x0123	0x1303      	BCF        STATUS, 6
0x0124	0x084A      	MOVF       FARG_strcmp_s1, 0
0x0125	0x0084      	MOVWF      FSR
0x0126	0x0800      	MOVF       INDF, 0
0x0127	0x1903      	BTFSC      STATUS, 2
0x0128	0x2936      	GOTO       L_strcmp31
0x0129	0x084A      	MOVF       FARG_strcmp_s1, 0
0x012A	0x0084      	MOVWF      FSR
0x012B	0x0800      	MOVF       INDF, 0
0x012C	0x00F1      	MOVWF      R1
0x012D	0x084B      	MOVF       FARG_strcmp_s2, 0
0x012E	0x0084      	MOVWF      FSR
0x012F	0x0871      	MOVF       R1, 0
0x0130	0x0600      	XORWF      INDF, 0
0x0131	0x1D03      	BTFSS      STATUS, 2
0x0132	0x2936      	GOTO       L_strcmp31
L__strcmp81:
;__Lib_CString.c,118 :: 		
0x0133	0x0ACA      	INCF       FARG_strcmp_s1, 1
0x0134	0x0ACB      	INCF       FARG_strcmp_s2, 1
0x0135	0x2922      	GOTO       L_strcmp30
L_strcmp31:
;__Lib_CString.c,120 :: 		
0x0136	0x084A      	MOVF       FARG_strcmp_s1, 0
0x0137	0x0084      	MOVWF      FSR
0x0138	0x0800      	MOVF       INDF, 0
0x0139	0x00F0      	MOVWF      R0
0x013A	0x084B      	MOVF       FARG_strcmp_s2, 0
0x013B	0x0084      	MOVWF      FSR
0x013C	0x0800      	MOVF       INDF, 0
0x013D	0x02F0      	SUBWF      R0, 1
0x013E	0x01F1      	CLRF       R0+1
0x013F	0x1C03      	BTFSS      STATUS, 0
0x0140	0x03F1      	DECF       R0+1, 1
;__Lib_CString.c,121 :: 		
L_end_strcmp:
0x0141	0x0008      	RETURN
; end of _strcmp
_getpassword:
;Project_Assignment.c,47 :: 		char getpassword(){
;Project_Assignment.c,50 :: 		Loop:
___getpassword_Loop:
;Project_Assignment.c,51 :: 		password[0] = 0; password[1] = 0; password[2] = 0; password[3] = 0; password[4] = 0;
0x0142	0x1283      	BCF        STATUS, 5
0x0143	0x1303      	BCF        STATUS, 6
0x0144	0x01C4      	CLRF       getpassword_password_L0
0x0145	0x01C5      	CLRF       getpassword_password_L0+1
0x0146	0x01C6      	CLRF       getpassword_password_L0+2
0x0147	0x01C7      	CLRF       getpassword_password_L0+3
0x0148	0x01C8      	CLRF       getpassword_password_L0+4
;Project_Assignment.c,52 :: 		Lcd_Cmd(_LCD_CLEAR);
0x0149	0x3001      	MOVLW      1
0x014A	0x00D3      	MOVWF      FARG_Lcd_Cmd_out_char
0x014B	0x201A      	CALL       _Lcd_Cmd
;Project_Assignment.c,53 :: 		Lcd_Out(1, 1, "Enter Password: ");
0x014C	0x3001      	MOVLW      1
0x014D	0x00CA      	MOVWF      FARG_Lcd_Out_row
0x014E	0x3001      	MOVLW      1
0x014F	0x00CB      	MOVWF      FARG_Lcd_Out_column
0x0150	0x3025      	MOVLW      ?lstr2_Project_Assignment
0x0151	0x00CC      	MOVWF      FARG_Lcd_Out_text
0x0152	0x20AD      	CALL       _Lcd_Out
;Project_Assignment.c,55 :: 		for (i = 0; i < 4; i++)
0x0153	0x01C2      	CLRF       getpassword_i_L0
0x0154	0x01C3      	CLRF       getpassword_i_L0+1
L_getpassword10:
0x0155	0x3080      	MOVLW      128
0x0156	0x0643      	XORWF      getpassword_i_L0+1, 0
0x0157	0x00F0      	MOVWF      R0
0x0158	0x3080      	MOVLW      128
0x0159	0x0270      	SUBWF      R0, 0
0x015A	0x1D03      	BTFSS      STATUS, 2
0x015B	0x295E      	GOTO       L__getpassword28
0x015C	0x3004      	MOVLW      4
0x015D	0x0242      	SUBWF      getpassword_i_L0, 0
L__getpassword28:
0x015E	0x1803      	BTFSC      STATUS, 0
0x015F	0x29E7      	GOTO       L_getpassword11
;Project_Assignment.c,57 :: 		while (password[i] == 0)
L_getpassword13:
0x0160	0x0842      	MOVF       getpassword_i_L0, 0
0x0161	0x3E44      	ADDLW      getpassword_password_L0
0x0162	0x0084      	MOVWF      FSR
0x0163	0x0800      	MOVF       INDF, 0
0x0164	0x3A00      	XORLW      0
0x0165	0x1D03      	BTFSS      STATUS, 2
0x0166	0x2970      	GOTO       L_getpassword14
;Project_Assignment.c,59 :: 		password[i] = Keypad_Key_Click();
0x0167	0x0842      	MOVF       getpassword_i_L0, 0
0x0168	0x3E44      	ADDLW      getpassword_password_L0
0x0169	0x00C9      	MOVWF      FLOC__getpassword
0x016A	0x20A0      	CALL       _Keypad_Key_Click
0x016B	0x0849      	MOVF       FLOC__getpassword, 0
0x016C	0x0084      	MOVWF      FSR
0x016D	0x0870      	MOVF       R0, 0
0x016E	0x0080      	MOVWF      INDF
;Project_Assignment.c,60 :: 		}
0x016F	0x2960      	GOTO       L_getpassword13
L_getpassword14:
;Project_Assignment.c,61 :: 		if (password[i] == 1) password[i] = '7';
0x0170	0x0842      	MOVF       getpassword_i_L0, 0
0x0171	0x3E44      	ADDLW      getpassword_password_L0
0x0172	0x0084      	MOVWF      FSR
0x0173	0x0800      	MOVF       INDF, 0
0x0174	0x3A01      	XORLW      1
0x0175	0x1D03      	BTFSS      STATUS, 2
0x0176	0x297C      	GOTO       L_getpassword15
0x0177	0x0842      	MOVF       getpassword_i_L0, 0
0x0178	0x3E44      	ADDLW      getpassword_password_L0
0x0179	0x0084      	MOVWF      FSR
0x017A	0x3037      	MOVLW      55
0x017B	0x0080      	MOVWF      INDF
L_getpassword15:
;Project_Assignment.c,62 :: 		if (password[i] == 2) password[i] = '8';
0x017C	0x0842      	MOVF       getpassword_i_L0, 0
0x017D	0x3E44      	ADDLW      getpassword_password_L0
0x017E	0x0084      	MOVWF      FSR
0x017F	0x0800      	MOVF       INDF, 0
0x0180	0x3A02      	XORLW      2
0x0181	0x1D03      	BTFSS      STATUS, 2
0x0182	0x2988      	GOTO       L_getpassword16
0x0183	0x0842      	MOVF       getpassword_i_L0, 0
0x0184	0x3E44      	ADDLW      getpassword_password_L0
0x0185	0x0084      	MOVWF      FSR
0x0186	0x3038      	MOVLW      56
0x0187	0x0080      	MOVWF      INDF
L_getpassword16:
;Project_Assignment.c,63 :: 		if (password[i] == 3) password[i] = '9';
0x0188	0x0842      	MOVF       getpassword_i_L0, 0
0x0189	0x3E44      	ADDLW      getpassword_password_L0
0x018A	0x0084      	MOVWF      FSR
0x018B	0x0800      	MOVF       INDF, 0
0x018C	0x3A03      	XORLW      3
0x018D	0x1D03      	BTFSS      STATUS, 2
0x018E	0x2994      	GOTO       L_getpassword17
0x018F	0x0842      	MOVF       getpassword_i_L0, 0
0x0190	0x3E44      	ADDLW      getpassword_password_L0
0x0191	0x0084      	MOVWF      FSR
0x0192	0x3039      	MOVLW      57
0x0193	0x0080      	MOVWF      INDF
L_getpassword17:
;Project_Assignment.c,64 :: 		if (password[i] == 5) password[i] = '4';
0x0194	0x0842      	MOVF       getpassword_i_L0, 0
0x0195	0x3E44      	ADDLW      getpassword_password_L0
0x0196	0x0084      	MOVWF      FSR
0x0197	0x0800      	MOVF       INDF, 0
0x0198	0x3A05      	XORLW      5
0x0199	0x1D03      	BTFSS      STATUS, 2
0x019A	0x29A0      	GOTO       L_getpassword18
0x019B	0x0842      	MOVF       getpassword_i_L0, 0
0x019C	0x3E44      	ADDLW      getpassword_password_L0
0x019D	0x0084      	MOVWF      FSR
0x019E	0x3034      	MOVLW      52
0x019F	0x0080      	MOVWF      INDF
L_getpassword18:
;Project_Assignment.c,65 :: 		if (password[i] == 6) password[i] = '5';
0x01A0	0x0842      	MOVF       getpassword_i_L0, 0
0x01A1	0x3E44      	ADDLW      getpassword_password_L0
0x01A2	0x0084      	MOVWF      FSR
0x01A3	0x0800      	MOVF       INDF, 0
0x01A4	0x3A06      	XORLW      6
0x01A5	0x1D03      	BTFSS      STATUS, 2
0x01A6	0x29AC      	GOTO       L_getpassword19
0x01A7	0x0842      	MOVF       getpassword_i_L0, 0
0x01A8	0x3E44      	ADDLW      getpassword_password_L0
0x01A9	0x0084      	MOVWF      FSR
0x01AA	0x3035      	MOVLW      53
0x01AB	0x0080      	MOVWF      INDF
L_getpassword19:
;Project_Assignment.c,66 :: 		if (password[i] == 7) password[i] = '6';
0x01AC	0x0842      	MOVF       getpassword_i_L0, 0
0x01AD	0x3E44      	ADDLW      getpassword_password_L0
0x01AE	0x0084      	MOVWF      FSR
0x01AF	0x0800      	MOVF       INDF, 0
0x01B0	0x3A07      	XORLW      7
0x01B1	0x1D03      	BTFSS      STATUS, 2
0x01B2	0x29B8      	GOTO       L_getpassword20
0x01B3	0x0842      	MOVF       getpassword_i_L0, 0
0x01B4	0x3E44      	ADDLW      getpassword_password_L0
0x01B5	0x0084      	MOVWF      FSR
0x01B6	0x3036      	MOVLW      54
0x01B7	0x0080      	MOVWF      INDF
L_getpassword20:
;Project_Assignment.c,67 :: 		if (password[i] == 9) password[i] = '1';
0x01B8	0x0842      	MOVF       getpassword_i_L0, 0
0x01B9	0x3E44      	ADDLW      getpassword_password_L0
0x01BA	0x0084      	MOVWF      FSR
0x01BB	0x0800      	MOVF       INDF, 0
0x01BC	0x3A09      	XORLW      9
0x01BD	0x1D03      	BTFSS      STATUS, 2
0x01BE	0x29C4      	GOTO       L_getpassword21
0x01BF	0x0842      	MOVF       getpassword_i_L0, 0
0x01C0	0x3E44      	ADDLW      getpassword_password_L0
0x01C1	0x0084      	MOVWF      FSR
0x01C2	0x3031      	MOVLW      49
0x01C3	0x0080      	MOVWF      INDF
L_getpassword21:
;Project_Assignment.c,68 :: 		if (password[i] == 10) password[i] = '2';
0x01C4	0x0842      	MOVF       getpassword_i_L0, 0
0x01C5	0x3E44      	ADDLW      getpassword_password_L0
0x01C6	0x0084      	MOVWF      FSR
0x01C7	0x0800      	MOVF       INDF, 0
0x01C8	0x3A0A      	XORLW      10
0x01C9	0x1D03      	BTFSS      STATUS, 2
0x01CA	0x29D0      	GOTO       L_getpassword22
0x01CB	0x0842      	MOVF       getpassword_i_L0, 0
0x01CC	0x3E44      	ADDLW      getpassword_password_L0
0x01CD	0x0084      	MOVWF      FSR
0x01CE	0x3032      	MOVLW      50
0x01CF	0x0080      	MOVWF      INDF
L_getpassword22:
;Project_Assignment.c,69 :: 		if (password[i] == 11) password[i] = '3';
0x01D0	0x0842      	MOVF       getpassword_i_L0, 0
0x01D1	0x3E44      	ADDLW      getpassword_password_L0
0x01D2	0x0084      	MOVWF      FSR
0x01D3	0x0800      	MOVF       INDF, 0
0x01D4	0x3A0B      	XORLW      11
0x01D5	0x1D03      	BTFSS      STATUS, 2
0x01D6	0x29DC      	GOTO       L_getpassword23
0x01D7	0x0842      	MOVF       getpassword_i_L0, 0
0x01D8	0x3E44      	ADDLW      getpassword_password_L0
0x01D9	0x0084      	MOVWF      FSR
0x01DA	0x3033      	MOVLW      51
0x01DB	0x0080      	MOVWF      INDF
L_getpassword23:
;Project_Assignment.c,70 :: 		Lcd_Chr(2, i+1, 'X');
0x01DC	0x3002      	MOVLW      2
0x01DD	0x00CA      	MOVWF      FARG_Lcd_Chr_row
0x01DE	0x0A42      	INCF       getpassword_i_L0, 0
0x01DF	0x00CB      	MOVWF      FARG_Lcd_Chr_column
0x01E0	0x3058      	MOVLW      88
0x01E1	0x00CC      	MOVWF      FARG_Lcd_Chr_out_char
0x01E2	0x20ED      	CALL       _Lcd_Chr
;Project_Assignment.c,55 :: 		for (i = 0; i < 4; i++)
0x01E3	0x0AC2      	INCF       getpassword_i_L0, 1
0x01E4	0x1903      	BTFSC      STATUS, 2
0x01E5	0x0AC3      	INCF       getpassword_i_L0+1, 1
;Project_Assignment.c,71 :: 		}
0x01E6	0x2955      	GOTO       L_getpassword10
L_getpassword11:
;Project_Assignment.c,73 :: 		if (strcmp(password, "7422") == 0) return 74;
0x01E7	0x3044      	MOVLW      getpassword_password_L0
0x01E8	0x00CA      	MOVWF      FARG_strcmp_s1
0x01E9	0x3020      	MOVLW      ?lstr3_Project_Assignment
0x01EA	0x00CB      	MOVWF      FARG_strcmp_s2
0x01EB	0x2122      	CALL       _strcmp
0x01EC	0x3000      	MOVLW      0
0x01ED	0x0671      	XORWF      R0+1, 0
0x01EE	0x1D03      	BTFSS      STATUS, 2
0x01EF	0x29F2      	GOTO       L__getpassword29
0x01F0	0x3000      	MOVLW      0
0x01F1	0x0670      	XORWF      R0, 0
L__getpassword29:
0x01F2	0x1D03      	BTFSS      STATUS, 2
0x01F3	0x29F7      	GOTO       L_getpassword24
0x01F4	0x304A      	MOVLW      74
0x01F5	0x00F0      	MOVWF      R0
0x01F6	0x29F8      	GOTO       L_end_getpassword
L_getpassword24:
;Project_Assignment.c,74 :: 		else goto Loop;
0x01F7	0x2942      	GOTO       ___getpassword_Loop
;Project_Assignment.c,75 :: 		}
L_end_getpassword:
0x01F8	0x0008      	RETURN
; end of _getpassword
_Keypad_Init:
;__Lib_Keypad4x4.c,33 :: 		
;__Lib_Keypad4x4.c,34 :: 		
0x01F9	0x30FF      	MOVLW      255
0x01FA	0x1683      	BSF        STATUS, 5
0x01FB	0x1303      	BCF        STATUS, 6
0x01FC	0x0087      	MOVWF      keypadPort+128
;__Lib_Keypad4x4.c,35 :: 		
L_end_Keypad_Init:
0x01FD	0x0008      	RETURN
; end of _Keypad_Init
___CC2DW:
;__Lib_System.c,134 :: 		
;__Lib_System.c,137 :: 		
_CC2D_Loop1:
;__Lib_System.c,139 :: 		
0x01FE	0x2099      	CALL       _____DoICP
0x01FF	0x118A      	BCF        PCLATH, 3
0x0200	0x120A      	BCF        PCLATH, 4
;__Lib_System.c,141 :: 		
0x0201	0x0080      	MOVWF      INDF
;__Lib_System.c,142 :: 		
0x0202	0x0A84      	INCF       FSR, 1
;__Lib_System.c,143 :: 		
0x0203	0x0AC0      	INCF       ___DoICPAddr, 1
;__Lib_System.c,145 :: 		
0x0204	0x1903      	BTFSC      STATUS, 2
;__Lib_System.c,146 :: 		
0x0205	0x0AC1      	INCF       ___DoICPAddr+1, 1
;__Lib_System.c,147 :: 		
0x0206	0x03F0      	DECF       R0, 1
;__Lib_System.c,149 :: 		
0x0207	0x1D03      	BTFSS      STATUS, 2
;__Lib_System.c,150 :: 		
0x0208	0x29FE      	GOTO       _CC2D_Loop1
;__Lib_System.c,152 :: 		
L_end___CC2DW:
0x0209	0x0008      	RETURN
; end of ___CC2DW
_Lcd_Init:
;__Lib_Lcd.c,84 :: 		
;__Lib_Lcd.c,86 :: 		
0x020A	0x1683      	BSF        STATUS, 5
0x020B	0x1303      	BCF        STATUS, 6
0x020C	0x1188      	BCF        LCD_EN_Direction, BitPos(LCD_EN_Direction+0)
;__Lib_Lcd.c,87 :: 		
0x020D	0x1108      	BCF        LCD_RS_Direction, BitPos(LCD_RS_Direction+0)
;__Lib_Lcd.c,88 :: 		
0x020E	0x1208      	BCF        LCD_D4_Direction, BitPos(LCD_D4_Direction+0)
;__Lib_Lcd.c,89 :: 		
0x020F	0x1288      	BCF        LCD_D5_Direction, BitPos(LCD_D5_Direction+0)
;__Lib_Lcd.c,90 :: 		
0x0210	0x1308      	BCF        LCD_D6_Direction, BitPos(LCD_D6_Direction+0)
;__Lib_Lcd.c,91 :: 		
0x0211	0x1388      	BCF        LCD_D7_Direction, BitPos(LCD_D7_Direction+0)
;__Lib_Lcd.c,93 :: 		
0x0212	0x1283      	BCF        STATUS, 5
0x0213	0x1188      	BCF        LCD_EN, BitPos(LCD_EN+0)
;__Lib_Lcd.c,94 :: 		
0x0214	0x1108      	BCF        LCD_RS, BitPos(LCD_RS+0)
;__Lib_Lcd.c,95 :: 		
0x0215	0x1388      	BCF        LCD_D7, BitPos(LCD_D7+0)
;__Lib_Lcd.c,96 :: 		
0x0216	0x1308      	BCF        LCD_D6, BitPos(LCD_D6+0)
;__Lib_Lcd.c,97 :: 		
0x0217	0x1288      	BCF        LCD_D5, BitPos(LCD_D5+0)
;__Lib_Lcd.c,98 :: 		
0x0218	0x1208      	BCF        LCD_D4, BitPos(LCD_D4+0)
;__Lib_Lcd.c,100 :: 		
0x0219	0x200D      	CALL       _Delay_5500us
;__Lib_Lcd.c,101 :: 		
0x021A	0x200D      	CALL       _Delay_5500us
;__Lib_Lcd.c,102 :: 		
0x021B	0x200D      	CALL       _Delay_5500us
;__Lib_Lcd.c,105 :: 		
0x021C	0x1688      	BSF        LCD_D5, BitPos(LCD_D5+0)
;__Lib_Lcd.c,106 :: 		
0x021D	0x1608      	BSF        LCD_D4, BitPos(LCD_D4+0)
;__Lib_Lcd.c,107 :: 		
0x021E	0x1588      	BSF        LCD_EN, BitPos(LCD_EN+0)
;__Lib_Lcd.c,108 :: 		
0x021F	0x2003      	CALL       _Delay_1us
;__Lib_Lcd.c,109 :: 		
0x0220	0x1188      	BCF        LCD_EN, BitPos(LCD_EN+0)
;__Lib_Lcd.c,110 :: 		
0x0221	0x200D      	CALL       _Delay_5500us
;__Lib_Lcd.c,112 :: 		
0x0222	0x1588      	BSF        LCD_EN, BitPos(LCD_EN+0)
;__Lib_Lcd.c,113 :: 		
0x0223	0x2003      	CALL       _Delay_1us
;__Lib_Lcd.c,114 :: 		
0x0224	0x1188      	BCF        LCD_EN, BitPos(LCD_EN+0)
;__Lib_Lcd.c,115 :: 		
0x0225	0x200D      	CALL       _Delay_5500us
;__Lib_Lcd.c,117 :: 		
0x0226	0x1588      	BSF        LCD_EN, BitPos(LCD_EN+0)
;__Lib_Lcd.c,118 :: 		
0x0227	0x2003      	CALL       _Delay_1us
;__Lib_Lcd.c,119 :: 		
0x0228	0x1188      	BCF        LCD_EN, BitPos(LCD_EN+0)
;__Lib_Lcd.c,120 :: 		
0x0229	0x200D      	CALL       _Delay_5500us
;__Lib_Lcd.c,123 :: 		
0x022A	0x1208      	BCF        LCD_D4, BitPos(LCD_D4+0)
;__Lib_Lcd.c,124 :: 		
0x022B	0x1588      	BSF        LCD_EN, BitPos(LCD_EN+0)
;__Lib_Lcd.c,125 :: 		
0x022C	0x2003      	CALL       _Delay_1us
;__Lib_Lcd.c,126 :: 		
0x022D	0x1188      	BCF        LCD_EN, BitPos(LCD_EN+0)
;__Lib_Lcd.c,127 :: 		
0x022E	0x200D      	CALL       _Delay_5500us
;__Lib_Lcd.c,130 :: 		
0x022F	0x1588      	BSF        LCD_EN, BitPos(LCD_EN+0)
;__Lib_Lcd.c,131 :: 		
0x0230	0x2003      	CALL       _Delay_1us
;__Lib_Lcd.c,132 :: 		
0x0231	0x1188      	BCF        LCD_EN, BitPos(LCD_EN+0)
;__Lib_Lcd.c,134 :: 		
0x0232	0x1288      	BCF        LCD_D5, BitPos(LCD_D5+0)
;__Lib_Lcd.c,135 :: 		
0x0233	0x1788      	BSF        LCD_D7, BitPos(LCD_D7+0)
;__Lib_Lcd.c,136 :: 		
0x0234	0x1588      	BSF        LCD_EN, BitPos(LCD_EN+0)
;__Lib_Lcd.c,137 :: 		
0x0235	0x2003      	CALL       _Delay_1us
;__Lib_Lcd.c,138 :: 		
0x0236	0x1188      	BCF        LCD_EN, BitPos(LCD_EN+0)
;__Lib_Lcd.c,139 :: 		
0x0237	0x200D      	CALL       _Delay_5500us
;__Lib_Lcd.c,142 :: 		
0x0238	0x1388      	BCF        LCD_D7, BitPos(LCD_D7+0)
;__Lib_Lcd.c,143 :: 		
0x0239	0x1608      	BSF        LCD_D4, BitPos(LCD_D4+0)
;__Lib_Lcd.c,144 :: 		
0x023A	0x1588      	BSF        LCD_EN, BitPos(LCD_EN+0)
;__Lib_Lcd.c,145 :: 		
0x023B	0x2003      	CALL       _Delay_1us
;__Lib_Lcd.c,146 :: 		
0x023C	0x1188      	BCF        LCD_EN, BitPos(LCD_EN+0)
;__Lib_Lcd.c,148 :: 		
0x023D	0x1208      	BCF        LCD_D4, BitPos(LCD_D4+0)
;__Lib_Lcd.c,149 :: 		
0x023E	0x1588      	BSF        LCD_EN, BitPos(LCD_EN+0)
;__Lib_Lcd.c,150 :: 		
0x023F	0x2003      	CALL       _Delay_1us
;__Lib_Lcd.c,151 :: 		
0x0240	0x1188      	BCF        LCD_EN, BitPos(LCD_EN+0)
;__Lib_Lcd.c,152 :: 		
0x0241	0x200D      	CALL       _Delay_5500us
;__Lib_Lcd.c,155 :: 		
0x0242	0x1588      	BSF        LCD_EN, BitPos(LCD_EN+0)
;__Lib_Lcd.c,156 :: 		
0x0243	0x2003      	CALL       _Delay_1us
;__Lib_Lcd.c,157 :: 		
0x0244	0x1188      	BCF        LCD_EN, BitPos(LCD_EN+0)
;__Lib_Lcd.c,159 :: 		
0x0245	0x1608      	BSF        LCD_D4, BitPos(LCD_D4+0)
;__Lib_Lcd.c,160 :: 		
0x0246	0x1588      	BSF        LCD_EN, BitPos(LCD_EN+0)
;__Lib_Lcd.c,161 :: 		
0x0247	0x2003      	CALL       _Delay_1us
;__Lib_Lcd.c,162 :: 		
0x0248	0x1188      	BCF        LCD_EN, BitPos(LCD_EN+0)
;__Lib_Lcd.c,163 :: 		
0x0249	0x200D      	CALL       _Delay_5500us
;__Lib_Lcd.c,166 :: 		
0x024A	0x1208      	BCF        LCD_D4, BitPos(LCD_D4+0)
;__Lib_Lcd.c,167 :: 		
0x024B	0x1588      	BSF        LCD_EN, BitPos(LCD_EN+0)
;__Lib_Lcd.c,168 :: 		
0x024C	0x2003      	CALL       _Delay_1us
;__Lib_Lcd.c,169 :: 		
0x024D	0x1188      	BCF        LCD_EN, BitPos(LCD_EN+0)
;__Lib_Lcd.c,171 :: 		
0x024E	0x1788      	BSF        LCD_D7, BitPos(LCD_D7+0)
;__Lib_Lcd.c,172 :: 		
0x024F	0x1708      	BSF        LCD_D6, BitPos(LCD_D6+0)
;__Lib_Lcd.c,173 :: 		
0x0250	0x1688      	BSF        LCD_D5, BitPos(LCD_D5+0)
;__Lib_Lcd.c,174 :: 		
0x0251	0x1608      	BSF        LCD_D4, BitPos(LCD_D4+0)
;__Lib_Lcd.c,175 :: 		
0x0252	0x1588      	BSF        LCD_EN, BitPos(LCD_EN+0)
;__Lib_Lcd.c,176 :: 		
0x0253	0x2003      	CALL       _Delay_1us
;__Lib_Lcd.c,177 :: 		
0x0254	0x1188      	BCF        LCD_EN, BitPos(LCD_EN+0)
;__Lib_Lcd.c,179 :: 		
0x0255	0x200D      	CALL       _Delay_5500us
;__Lib_Lcd.c,181 :: 		
0x0256	0x143F      	BSF        __Lib_Lcd_cmd_status, BitPos(__Lib_Lcd_cmd_status+0)
;__Lib_Lcd.c,182 :: 		
L_end_Lcd_Init:
0x0257	0x0008      	RETURN
; end of _Lcd_Init
_main:
0x0258	0x3037      	MOVLW      55
0x0259	0x1283      	BCF        STATUS, 5
0x025A	0x1303      	BCF        STATUS, 6
0x025B	0x00A0      	MOVWF      ?lstr3_Project_Assignment
0x025C	0x3034      	MOVLW      52
0x025D	0x00A1      	MOVWF      33
0x025E	0x3032      	MOVLW      50
0x025F	0x00A2      	MOVWF      34
0x0260	0x3032      	MOVLW      50
0x0261	0x00A3      	MOVWF      35
0x0262	0x01A4      	CLRF       36
0x0263	0x3045      	MOVLW      69
0x0264	0x00A5      	MOVWF      ?lstr2_Project_Assignment
0x0265	0x306E      	MOVLW      110
0x0266	0x00A6      	MOVWF      38
0x0267	0x3074      	MOVLW      116
0x0268	0x00A7      	MOVWF      39
0x0269	0x3065      	MOVLW      101
0x026A	0x00A8      	MOVWF      40
0x026B	0x3072      	MOVLW      114
0x026C	0x00A9      	MOVWF      41
0x026D	0x3020      	MOVLW      32
0x026E	0x00AA      	MOVWF      42
0x026F	0x3050      	MOVLW      80
0x0270	0x00AB      	MOVWF      43
0x0271	0x3061      	MOVLW      97
0x0272	0x00AC      	MOVWF      44
0x0273	0x3073      	MOVLW      115
0x0274	0x00AD      	MOVWF      45
0x0275	0x3073      	MOVLW      115
0x0276	0x00AE      	MOVWF      46
0x0277	0x3077      	MOVLW      119
0x0278	0x00AF      	MOVWF      47
0x0279	0x306F      	MOVLW      111
0x027A	0x00B0      	MOVWF      48
0x027B	0x3072      	MOVLW      114
0x027C	0x00B1      	MOVWF      49
0x027D	0x3064      	MOVLW      100
0x027E	0x00B2      	MOVWF      50
0x027F	0x303A      	MOVLW      58
0x0280	0x00B3      	MOVWF      51
0x0281	0x3020      	MOVLW      32
0x0282	0x00B4      	MOVWF      52
0x0283	0x01B5      	CLRF       53
0x0284	0x3057      	MOVLW      87
0x0285	0x00B6      	MOVWF      ?lstr1_Project_Assignment
0x0286	0x3065      	MOVLW      101
0x0287	0x00B7      	MOVWF      55
0x0288	0x306C      	MOVLW      108
0x0289	0x00B8      	MOVWF      56
0x028A	0x3063      	MOVLW      99
0x028B	0x00B9      	MOVWF      57
0x028C	0x306F      	MOVLW      111
0x028D	0x00BA      	MOVWF      58
0x028E	0x306D      	MOVLW      109
0x028F	0x00BB      	MOVWF      59
0x0290	0x3065      	MOVLW      101
0x0291	0x00BC      	MOVWF      60
0x0292	0x3021      	MOVLW      33
0x0293	0x00BD      	MOVWF      61
0x0294	0x01BE      	CLRF       62
;Project_Assignment.c,18 :: 		void main() {
;Project_Assignment.c,20 :: 		Lcd_Init(); keypad_Init();
0x0295	0x220A      	CALL       _Lcd_Init
0x0296	0x21F9      	CALL       _Keypad_Init
;Project_Assignment.c,21 :: 		Lcd_Cmd(_LCD_CURSOR_OFF);
0x0297	0x300C      	MOVLW      12
0x0298	0x1283      	BCF        STATUS, 5
0x0299	0x00D3      	MOVWF      FARG_Lcd_Cmd_out_char
0x029A	0x201A      	CALL       _Lcd_Cmd
;Project_Assignment.c,23 :: 		getpassword();
0x029B	0x2142      	CALL       _getpassword
;Project_Assignment.c,25 :: 		Lcd_Cmd(_LCD_CLEAR);
0x029C	0x3001      	MOVLW      1
0x029D	0x00D3      	MOVWF      FARG_Lcd_Cmd_out_char
0x029E	0x201A      	CALL       _Lcd_Cmd
;Project_Assignment.c,26 :: 		Lcd_Out(1, 2, "Welcome!");
0x029F	0x3001      	MOVLW      1
0x02A0	0x00CA      	MOVWF      FARG_Lcd_Out_row
0x02A1	0x3002      	MOVLW      2
0x02A2	0x00CB      	MOVWF      FARG_Lcd_Out_column
0x02A3	0x3036      	MOVLW      ?lstr1_Project_Assignment
0x02A4	0x00CC      	MOVWF      FARG_Lcd_Out_text
0x02A5	0x20AD      	CALL       _Lcd_Out
;Project_Assignment.c,28 :: 		trisb = 0;
0x02A6	0x1683      	BSF        STATUS, 5
0x02A7	0x0186      	CLRF       TRISB
;Project_Assignment.c,29 :: 		portb = 0x01;
0x02A8	0x3001      	MOVLW      1
0x02A9	0x1283      	BCF        STATUS, 5
0x02AA	0x0086      	MOVWF      PORTB
;Project_Assignment.c,30 :: 		Delay_ms(500);
0x02AB	0x3006      	MOVLW      6
0x02AC	0x00FB      	MOVWF      R11
0x02AD	0x3013      	MOVLW      19
0x02AE	0x00FC      	MOVWF      R12
0x02AF	0x30AD      	MOVLW      173
0x02B0	0x00FD      	MOVWF      R13
L_main0:
0x02B1	0x0BFD      	DECFSZ     R13, 1
0x02B2	0x2AB1      	GOTO       L_main0
0x02B3	0x0BFC      	DECFSZ     R12, 1
0x02B4	0x2AB1      	GOTO       L_main0
0x02B5	0x0BFB      	DECFSZ     R11, 1
0x02B6	0x2AB1      	GOTO       L_main0
0x02B7	0x0000      	NOP
0x02B8	0x0000      	NOP
;Project_Assignment.c,31 :: 		while(1)
L_main1:
;Project_Assignment.c,33 :: 		if(portb == 0x80)
0x02B9	0x0806      	MOVF       PORTB, 0
0x02BA	0x3A80      	XORLW      128
0x02BB	0x1D03      	BTFSS      STATUS, 2
0x02BC	0x2AE4      	GOTO       L_main3
;Project_Assignment.c,34 :: 		{ while(portb != 0x01)
L_main4:
0x02BD	0x0806      	MOVF       PORTB, 0
0x02BE	0x3A01      	XORLW      1
0x02BF	0x1903      	BTFSC      STATUS, 2
0x02C0	0x2AE4      	GOTO       L_main5
;Project_Assignment.c,36 :: 		Delay_ms(500);
0x02C1	0x3006      	MOVLW      6
0x02C2	0x00FB      	MOVWF      R11
0x02C3	0x3013      	MOVLW      19
0x02C4	0x00FC      	MOVWF      R12
0x02C5	0x30AD      	MOVLW      173
0x02C6	0x00FD      	MOVWF      R13
L_main6:
0x02C7	0x0BFD      	DECFSZ     R13, 1
0x02C8	0x2AC7      	GOTO       L_main6
0x02C9	0x0BFC      	DECFSZ     R12, 1
0x02CA	0x2AC7      	GOTO       L_main6
0x02CB	0x0BFB      	DECFSZ     R11, 1
0x02CC	0x2AC7      	GOTO       L_main6
0x02CD	0x0000      	NOP
0x02CE	0x0000      	NOP
;Project_Assignment.c,37 :: 		portb = portb >> 1;
0x02CF	0x0806      	MOVF       PORTB, 0
0x02D0	0x00F0      	MOVWF      R0
0x02D1	0x0CF0      	RRF        R0, 1
0x02D2	0x13F0      	BCF        R0, 7
0x02D3	0x0870      	MOVF       R0, 0
0x02D4	0x0086      	MOVWF      PORTB
;Project_Assignment.c,38 :: 		Delay_ms(500);
0x02D5	0x3006      	MOVLW      6
0x02D6	0x00FB      	MOVWF      R11
0x02D7	0x3013      	MOVLW      19
0x02D8	0x00FC      	MOVWF      R12
0x02D9	0x30AD      	MOVLW      173
0x02DA	0x00FD      	MOVWF      R13
L_main7:
0x02DB	0x0BFD      	DECFSZ     R13, 1
0x02DC	0x2ADB      	GOTO       L_main7
0x02DD	0x0BFC      	DECFSZ     R12, 1
0x02DE	0x2ADB      	GOTO       L_main7
0x02DF	0x0BFB      	DECFSZ     R11, 1
0x02E0	0x2ADB      	GOTO       L_main7
0x02E1	0x0000      	NOP
0x02E2	0x0000      	NOP
;Project_Assignment.c,39 :: 		}
0x02E3	0x2ABD      	GOTO       L_main4
L_main5:
;Project_Assignment.c,40 :: 		}
L_main3:
;Project_Assignment.c,41 :: 		Delay_ms(500);
0x02E4	0x3006      	MOVLW      6
0x02E5	0x00FB      	MOVWF      R11
0x02E6	0x3013      	MOVLW      19
0x02E7	0x00FC      	MOVWF      R12
0x02E8	0x30AD      	MOVLW      173
0x02E9	0x00FD      	MOVWF      R13
L_main8:
0x02EA	0x0BFD      	DECFSZ     R13, 1
0x02EB	0x2AEA      	GOTO       L_main8
0x02EC	0x0BFC      	DECFSZ     R12, 1
0x02ED	0x2AEA      	GOTO       L_main8
0x02EE	0x0BFB      	DECFSZ     R11, 1
0x02EF	0x2AEA      	GOTO       L_main8
0x02F0	0x0000      	NOP
0x02F1	0x0000      	NOP
;Project_Assignment.c,42 :: 		portb = portb << 1;
0x02F2	0x0806      	MOVF       PORTB, 0
0x02F3	0x00F0      	MOVWF      R0
0x02F4	0x0DF0      	RLF        R0, 1
0x02F5	0x1070      	BCF        R0, 0
0x02F6	0x0870      	MOVF       R0, 0
0x02F7	0x0086      	MOVWF      PORTB
;Project_Assignment.c,43 :: 		Delay_ms(500);
0x02F8	0x3006      	MOVLW      6
0x02F9	0x00FB      	MOVWF      R11
0x02FA	0x3013      	MOVLW      19
0x02FB	0x00FC      	MOVWF      R12
0x02FC	0x30AD      	MOVLW      173
0x02FD	0x00FD      	MOVWF      R13
L_main9:
0x02FE	0x0BFD      	DECFSZ     R13, 1
0x02FF	0x2AFE      	GOTO       L_main9
0x0300	0x0BFC      	DECFSZ     R12, 1
0x0301	0x2AFE      	GOTO       L_main9
0x0302	0x0BFB      	DECFSZ     R11, 1
0x0303	0x2AFE      	GOTO       L_main9
0x0304	0x0000      	NOP
0x0305	0x0000      	NOP
;Project_Assignment.c,44 :: 		}
0x0306	0x2AB9      	GOTO       L_main1
;Project_Assignment.c,45 :: 		}
L_end_main:
0x0307	0x2B07      	GOTO       $+0
; end of _main
Symbol List:
//** Routines locations **
//ADDRESS    SIZE    PROCEDURE
//----------------------------------------------
0x0003       [3]    _Delay_1us
0x0006       [7]    _Delay_50us
0x000D      [13]    _Delay_5500us
0x001A      [64]    _Lcd_Cmd
0x005A      [47]    _Keypad_Key_Press
0x0089       [8]    _Lcd_Chr_CP
0x0091       [8]    _Delay_10us
0x0099       [7]    _____DoICP
0x00A0      [13]    _Keypad_Key_Click
0x00AD      [64]    _Lcd_Out
0x00ED      [53]    _Lcd_Chr
0x0122      [32]    _strcmp
0x0142     [183]    _getpassword
0x01F9       [5]    _Keypad_Init
0x01FE      [12]    ___CC2DW
0x020A      [78]    _Lcd_Init
0x0258     [176]    _main
//** Variables locations ** 
//ADDRESS    SIZE    VARIABLE
//----------------------------------------------
0x0000       [1]    INDF
0x0002       [1]    PCL
0x0003       [1]    STATUS
0x0004       [1]    FSR
0x0006       [1]    PORTB
0x0007       [1]    PORTC
0x0007       [1]    keypadPort
0x0008       [0]    RD2_bit
0x0008       [0]    RD6_bit
0x0008       [0]    LCD_D5
0x0008       [0]    LCD_D7
0x0008       [0]    RD3_bit
0x0008       [0]    LCD_D4
0x0008       [0]    RD7_bit
0x0008       [0]    RD5_bit
0x0008       [0]    LCD_D6
0x0008       [0]    RD4_bit
0x0008       [0]    LCD_RS
0x0008       [0]    LCD_EN
0x000A       [1]    PCLATH
0x0020       [5]    ?lstr3_Project_Assignment
0x0025      [17]    ?lstr2_Project_Assignment
0x0036       [9]    ?lstr1_Project_Assignment
0x003F       [0]    __Lib_Lcd_cmd_status
0x0040       [2]    ___DoICPAddr
0x0042       [2]    getpassword_i_L0
0x0044       [5]    getpassword_password_L0
0x0049       [1]    FLOC__getpassword
0x004A       [1]    Keypad_Key_Click_rslt_L0
0x004A       [1]    FARG_strcmp_s1
0x004A       [1]    FARG_Lcd_Chr_row
0x004A       [1]    FARG_Lcd_Out_row
0x004B       [1]    FARG_Lcd_Out_column
0x004B       [1]    FARG_strcmp_s2
0x004B       [1]    FARG_Lcd_Chr_column
0x004C       [1]    FARG_Lcd_Chr_out_char
0x004C       [1]    FARG_Lcd_Out_text
0x004D       [1]    Lcd_Out_i_L0
0x004E       [1]    Keypad_Key_Press_rslt_L0
0x004E       [1]    FARG_Lcd_Chr_CP_out_char
0x004F       [1]    Keypad_Key_Press_kdata_L0
0x0050       [1]    Keypad_Key_Press_loc_L0
0x0051       [1]    Keypad_Key_Press_rowcnt_L0
0x0052       [1]    Keypad_Key_Press_shifter_L0
0x0053       [1]    FARG_Lcd_Cmd_out_char
0x0070       [1]    R0
0x0071       [1]    R1
0x0072       [1]    R2
0x0073       [1]    R3
0x0074       [1]    R4
0x0075       [1]    R5
0x0076       [1]    R6
0x0077       [1]    R7
0x0078       [1]    R8
0x0079       [1]    R9
0x007A       [1]    R10
0x007B       [1]    R11
0x007C       [1]    R12
0x007D       [1]    R13
0x007E       [1]    R14
0x007F       [1]    R15
0x0086       [1]    TRISB
0x0088       [0]    LCD_RS_Direction
0x0088       [0]    TRISD4_bit
0x0088       [0]    TRISD3_bit
0x0088       [0]    TRISD5_bit
0x0088       [0]    LCD_EN_Direction
0x0088       [0]    LCD_D7_Direction
0x0088       [0]    LCD_D6_Direction
0x0088       [0]    TRISD2_bit
0x0088       [0]    LCD_D5_Direction
0x0088       [0]    LCD_D4_Direction
0x0088       [0]    TRISD7_bit
0x0088       [0]    TRISD6_bit
//** Label List: ** 
//----------------------------------------------
  L_main0
  L_main1
  L_main2
  L_main3
  L_main4
  L_main5
  L_main6
  L_main7
  L_main8
  L_main9
  ___getpassword_Loop
  L_getpassword10
  L_getpassword11
  L_getpassword12
  L_getpassword13
  L_getpassword14
  L_getpassword15
  L_getpassword16
  L_getpassword17
  L_getpassword18
  L_getpassword19
  L_getpassword20
  L_getpassword21
  L_getpassword22
  L_getpassword23
  L_getpassword24
  L_getpassword25
  L_end_main
  _main
  L_end_getpassword
  _getpassword
  L__getpassword28
  L__getpassword29
  L_memchr0
  L_memchr1
  L_memchr2
  L_memchr3
  L_memcmp4
  L_memcmp5
  L_memcmp6
  L_memcpy7
  L_memcpy8
  L_memmove9
  L_memmove10
  L_memmove11
  L_memmove12
  L_memmove13
  L_memmove14
  L_memmove15
  L_memmove16
  L_memmove17
  L_memmove18
  L_memmove19
  L_memset20
  L_memset21
  L_strcat22
  L_strcat23
  L_strcat24
  L_strcat25
  L_strchr26
  L_strchr27
  L_strchr28
  L_strchr29
  L_strcmp30
  L_strcmp31
  L_strcmp32
  L_strcmp33
  L_strcpy34
  L_strcpy35
  L_strlen36
  L_strlen37
  L_strncat38
  L_strncat39
  L_strncat40
  L_strncat41
  L_strncat42
  L_strncat43
  L_strncat44
  L_strncpy45
  L_strncpy46
  L_strncpy47
  L_strncpy48
  L_strncpy49
  L_strspn50
  L_strspn51
  L_strspn52
  L_strspn53
  L_strcspn54
  L_strcspn55
  L_strcspn56
  L_strcspn57
  L_strncmp58
  L_strncmp59
  L_strncmp60
  L_strncmp61
  L_strncmp62
  L_strpbrk63
  L_strpbrk64
  L_strpbrk65
  L_strrchr66
  L_strrchr67
  L_strrchr68
  L_strrchr69
  L_strstr70
  L_strstr71
  L_strstr72
  L_strstr73
  L_strstr74
  L_strtok75
  L_strtok76
  L_strtok77
  L_strtok78
  L_strtok79
  L__memmove80
  L__strcmp81
  L__strncat82
  L__strspn83
  L__strcspn84
  L__strncmp85
  L__strstr86
  L_end_memchr
  _memchr
  L_end_memcmp
  _memcmp
  L__memcmp89
  L_end_memcpy
  _memcpy
  L_end_memmove
  _memmove
  L_end_memset
  _memset
  L_end_strcat
  _strcat
  L_end_strchr
  _strchr
  L_end_strcmp
  _strcmp
  L_end_strcpy
  _strcpy
  L_end_strlen
  _strlen
  L_end_strncat
  _strncat
  L__strncat99
  L_end_strncpy
  _strncpy
  L_end_strspn
  _strspn
  L_end_strcspn
  _strcspn
  L_end_strncmp
  _strncmp
  L_end_strpbrk
  _strpbrk
  L_end_strrchr
  _strrchr
  L_end_strstr
  _strstr
  L__strstr107
  L_end_strtok
  _strtok
  L_Delay_10us0
  L_Delay_22us1
  L_Delay_50us2
  L_Delay_80us3
  L_Delay_500us4
  L_Delay_5500us5
  L_Delay_1ms6
  L_Delay_5ms7
  L_Delay_8ms8
  L_Delay_10ms9
  L_Delay_100ms10
  L_Delay_1sec11
  L_boot16_Delay_5ms12
  L_Delay_Cyc13
  L_Delay_Cyc14
  L_VDelay_ms15
  L_VDelay_ms16
  L_VDelay_ms17
  L_VDelay_Advanced_ms18
  L_VDelay_Advanced_ms19
  L_VDelay_Advanced_ms20
  L_end_Get_Fosc_kHz
  _Get_Fosc_kHz
  L_end_Delay_1us
  _Delay_1us
  L_end_Delay_10us
  _Delay_10us
  L_end_Delay_22us
  _Delay_22us
  L_end_Delay_50us
  _Delay_50us
  L_end_Delay_80us
  _Delay_80us
  L_end_Delay_500us
  _Delay_500us
  L_end_Delay_5500us
  _Delay_5500us
  L_end_Delay_1ms
  _Delay_1ms
  L_end_Delay_5ms
  _Delay_5ms
  L_end_Delay_8ms
  _Delay_8ms
  L_end_Delay_10ms
  _Delay_10ms
  L_end_Delay_100ms
  _Delay_100ms
  L_end_Delay_1sec
  _Delay_1sec
  L_end_boot16_Delay_5ms
  _boot16_Delay_5ms
  L_end_Delay_Cyc
  _Delay_Cyc
  L_end_VDelay_ms
  _VDelay_ms
  L__VDelay_ms38
  L__VDelay_ms39
  L__VDelay_ms40
  L_end_VDelay_Advanced_ms
  _VDelay_Advanced_ms
  L__VDelay_Advanced_ms42
  L__VDelay_Advanced_ms43
  L__VDelay_Advanced_ms44
  L_Keypad_Key_Press0
  L_Keypad_Key_Press1
  L_Keypad_Key_Press2
  L_Keypad_Key_Press3
  L_Keypad_Key_Press4
  L_Keypad_Key_Click5
  L_Keypad_Key_Click6
  L_end_Keypad_Init
  _Keypad_Init
  L_end_Keypad_Key_Press
  _Keypad_Key_Press
  L_end_Keypad_Key_Click
  _Keypad_Key_Click
  L_Lcd_Cmd0
  L_Lcd_Cmd1
  L_Lcd_Out_CP2
  L_Lcd_Out_CP3
  L_Lcd_Chr4
  L_Lcd_Chr5
  L_Lcd_Chr6
  L_Lcd_Chr7
  L_Lcd_Chr8
  L_Lcd_Chr9
  L_Lcd_Chr10
  L_Lcd_Out11
  L_Lcd_Out12
  L_Lcd_Out13
  L_Lcd_Out14
  L_Lcd_Out15
  L_Lcd_Out16
  L_Lcd_Out17
  L_Lcd_Out18
  L_Lcd_Out19
  L_end_Lcd_Cmd
  _Lcd_Cmd
  L__Lcd_Cmd21
  L__Lcd_Cmd22
  L__Lcd_Cmd23
  L__Lcd_Cmd24
  L__Lcd_Cmd25
  L__Lcd_Cmd26
  L__Lcd_Cmd27
  L__Lcd_Cmd28
  L__Lcd_Cmd29
  L__Lcd_Cmd30
  L__Lcd_Cmd31
  L__Lcd_Cmd32
  L__Lcd_Cmd33
  L__Lcd_Cmd34
  L__Lcd_Cmd35
  L__Lcd_Cmd36
  L__Lcd_Cmd37
  L__Lcd_Cmd38
  L__Lcd_Cmd39
  L__Lcd_Cmd40
  L_end_Lcd_Chr_CP
  _Lcd_Chr_CP
  L_end_Lcd_Out_CP
  _Lcd_Out_CP
  L_end_Lcd_Chr
  _Lcd_Chr
  L_end_Lcd_Init
  _Lcd_Init
  L_end_Lcd_Out
  _Lcd_Out
  L_loopCA2AWs
  L_CA2AWend
  _CCA2AW_Loop1
  L_loopCS2Ss
  L_CS2Send
  _CCS2S_Loop1
  L_CCS2Send
  L_loopFZinSWs
  L_FZinSend
  _CC2D_Loop1
  L_end_____DoICP
  _____DoICP
  L_end_____DoIFC
  _____DoIFC
  L_end___CA2AW
  ___CA2AW
  L_end___CCA2AW
  ___CCA2AW
  L_end___CS2S
  ___CS2S
  L_end___CCS2S
  ___CCS2S
  L_end___FZinS
  ___FZinS
  L_end___CC2DW
  ___CC2DW
  L_end_Swap
  _Swap
